Traceback (most recent call last):
  File "/opt/hostedtoolcache/Python/3.11.10/x64/lib/python3.11/site-packages/jupyter_cache/executors/utils.py", line 58, in single_nb_execution
    executenb(
  File "/opt/hostedtoolcache/Python/3.11.10/x64/lib/python3.11/site-packages/nbclient/client.py", line 1314, in execute
    return NotebookClient(nb=nb, resources=resources, km=km, **kwargs).execute()
           ^^^^^^^^^^^^^^^^^^^^^^^^^^^^^^^^^^^^^^^^^^^^^^^^^^^^^^^^^^^^^^^^^^^^^
  File "/opt/hostedtoolcache/Python/3.11.10/x64/lib/python3.11/site-packages/jupyter_core/utils/__init__.py", line 165, in wrapped
    return loop.run_until_complete(inner)
           ^^^^^^^^^^^^^^^^^^^^^^^^^^^^^^
  File "/opt/hostedtoolcache/Python/3.11.10/x64/lib/python3.11/asyncio/base_events.py", line 654, in run_until_complete
    return future.result()
           ^^^^^^^^^^^^^^^
  File "/opt/hostedtoolcache/Python/3.11.10/x64/lib/python3.11/site-packages/nbclient/client.py", line 709, in async_execute
    await self.async_execute_cell(
  File "/opt/hostedtoolcache/Python/3.11.10/x64/lib/python3.11/site-packages/nbclient/client.py", line 1062, in async_execute_cell
    await self._check_raise_for_error(cell, cell_index, exec_reply)
  File "/opt/hostedtoolcache/Python/3.11.10/x64/lib/python3.11/site-packages/nbclient/client.py", line 918, in _check_raise_for_error
    raise CellExecutionError.from_cell_and_msg(cell, exec_reply_content)
nbclient.exceptions.CellExecutionError: An error occurred while executing the following cell:
------------------
from itables.sample_dfs import get_dict_of_test_dfs
from itables.widget import ITable

df = get_dict_of_test_dfs()["int_float_str"]

table = ITable(df, selected_rows=[0, 2, 5], select=True)
table
------------------


[0;31m---------------------------------------------------------------------------[0m
[0;31mModuleNotFoundError[0m                       Traceback (most recent call last)
Cell [0;32mIn[1], line 2[0m
[1;32m      1[0m [38;5;28;01mfrom[39;00m [38;5;21;01mitables[39;00m[38;5;21;01m.[39;00m[38;5;21;01msample_dfs[39;00m [38;5;28;01mimport[39;00m get_dict_of_test_dfs
[0;32m----> 2[0m [38;5;28;01mfrom[39;00m [38;5;21;01mitables[39;00m[38;5;21;01m.[39;00m[38;5;21;01mwidget[39;00m [38;5;28;01mimport[39;00m ITable
[1;32m      4[0m df [38;5;241m=[39m get_dict_of_test_dfs()[[38;5;124m"[39m[38;5;124mint_float_str[39m[38;5;124m"[39m]
[1;32m      6[0m table [38;5;241m=[39m ITable(df, selected_rows[38;5;241m=[39m[[38;5;241m0[39m, [38;5;241m2[39m, [38;5;241m5[39m], select[38;5;241m=[39m[38;5;28;01mTrue[39;00m)

File [0;32m/opt/hostedtoolcache/Python/3.11.10/x64/lib/python3.11/site-packages/itables/widget/__init__.py:4[0m
[1;32m      1[0m [38;5;28;01mimport[39;00m [38;5;21;01mimportlib[39;00m[38;5;21;01m.[39;00m[38;5;21;01mmetadata[39;00m
[1;32m      2[0m [38;5;28;01mimport[39;00m [38;5;21;01mpathlib[39;00m
[0;32m----> 4[0m [38;5;28;01mimport[39;00m [38;5;21;01manywidget[39;00m
[1;32m      5[0m [38;5;28;01mimport[39;00m [38;5;21;01mtraitlets[39;00m
[1;32m      7[0m [38;5;28;01mfrom[39;00m [38;5;21;01mitables[39;00m[38;5;21;01m.[39;00m[38;5;21;01mjavascript[39;00m [38;5;28;01mimport[39;00m get_itables_extension_arguments

[0;31mModuleNotFoundError[0m: No module named 'anywidget'

